0
0
0
no way dude
strings: 0, 
strings: 0, 
strings: 0, 
29, 29
strings: 0, 
39, 39
strings: 0, 
46, 46
strings: 0, 
29, 29, 0
strings: 0, 
39, 39, 0
strings: 0, 
46, 46, 0
strings: 0, 
29, 29, 0, -29
strings: 0, 
39, 39, 0, -39
strings: 0, 
46, 46, 0, -46
strings: 0, 
29, 29, 29, -29
strings: 29,                              
39, 39, 39, -39
strings: 39,                                        
46, 46, 46, -46
strings: 46,                                               
j
j
j
j
j
k
k
k
k
k
j
j
j
k
j
k
j
k
j
j
k
j
k
j
k
j
j
k
j
esc
179
